# JRE version: OpenJDK Runtime Environment Temurin-21.0.10+7 (21.0.10+7) (build 21.0.10+7-LTS)
# Java VM: OpenJDK 64-Bit Server VM Temurin-21.0.10+7 (21.0.10+7-LTS, mixed mode, sharing, tiered, compressed oops, compressed class ptrs, parallel gc, windows-amd64)
GC Precious Log:
 CardTable entry size: 512
 CPUs: 4 total, 4 available
 Memory: 7834M
 Large Page Support: Disabled
 NUMA Support: Disabled
 Compressed Oops: Enabled (32-bit)
 Alignments: Space 512K, Generation 512K, Heap 2M
 Heap Min Capacity: 100M
 Heap Initial Capacity: 100M
 Heap Max Capacity: 2G
 Pre-touch: Disabled
 Parallel Workers: 4
Heap:
 PSYoungGen      total 8704K, used 5796K [0x00000000d5580000, 0x00000000d5f80000, 0x0000000100000000)
  eden space 8192K, 65% used [0x00000000d5580000,0x00000000d5ab9170,0x00000000d5d80000)
  from space 512K, 87% used [0x00000000d5f00000,0x00000000d5f70000,0x00000000d5f80000)
  to   space 1024K, 0% used [0x00000000d5d80000,0x00000000d5d80000,0x00000000d5e80000)
 ParOldGen       total 85504K, used 85497K [0x0000000080000000, 0x0000000085380000, 0x00000000d5580000)
  object space 85504K, 99% used [0x0000000080000000,0x000000008537e480,0x0000000085380000)
 Metaspace       used 66636K, committed 68160K, reserved 1114112K
  class space    used 7147K, committed 7808K, reserved 1048576K
GC Heap History (20 events):
Event: 134.533 GC heap before
{Heap before GC invocations=114 (full 3):
 PSYoungGen      total 9216K, used 8864K [0x00000000d5580000, 0x00000000d6180000, 0x0000000100000000)
  eden space 8704K, 100% used [0x00000000d5580000,0x00000000d5e00000,0x00000000d5e00000)
  from space 512K, 31% used [0x00000000d6100000,0x00000000d6128000,0x00000000d6180000)
  to   space 512K, 0% used [0x00000000d6080000,0x00000000d6080000,0x00000000d6100000)
 ParOldGen       total 80896K, used 80483K [0x0000000080000000, 0x0000000084f00000, 0x00000000d5580000)
  object space 80896K, 99% used [0x0000000080000000,0x0000000084e98c90,0x0000000084f00000)
 Metaspace       used 62503K, committed 63936K, reserved 1114112K
  class space    used 6777K, committed 7360K, reserved 1048576K
}
Event: 134.534 GC heap after
{Heap after GC invocations=114 (full 3):
 PSYoungGen      total 9216K, used 288K [0x00000000d5580000, 0x00000000d6180000, 0x0000000100000000)
  eden space 8704K, 0% used [0x00000000d5580000,0x00000000d5580000,0x00000000d5e00000)
  from space 512K, 56% used [0x00000000d6080000,0x00000000d60c8010,0x00000000d6100000)
  to   space 512K, 0% used [0x00000000d6100000,0x00000000d6100000,0x00000000d6180000)
 ParOldGen       total 80896K, used 80619K [0x0000000080000000, 0x0000000084f00000, 0x00000000d5580000)
  object space 80896K, 99% used [0x0000000080000000,0x0000000084ebac90,0x0000000084f00000)
 Metaspace       used 62503K, committed 63936K, reserved 1114112K
  class space    used 6777K, committed 7360K, reserved 1048576K
}
Event: 134.827 GC heap before
{Heap before GC invocations=115 (full 3):
 PSYoungGen      total 9216K, used 8992K [0x00000000d5580000, 0x00000000d6180000, 0x0000000100000000)
  eden space 8704K, 100% used [0x00000000d5580000,0x00000000d5e00000,0x00000000d5e00000)
  from space 512K, 56% used [0x00000000d6080000,0x00000000d60c8010,0x00000000d6100000)
  to   space 512K, 0% used [0x00000000d6100000,0x00000000d6100000,0x00000000d6180000)
 ParOldGen       total 80896K, used 80619K [0x0000000080000000, 0x0000000084f00000, 0x00000000d5580000)
  object space 80896K, 99% used [0x0000000080000000,0x0000000084ebac90,0x0000000084f00000)
 Metaspace       used 63183K, committed 64640K, reserved 1114112K
  class space    used 6828K, committed 7424K, reserved 1048576K
}
Event: 134.828 GC heap after
{Heap after GC invocations=115 (full 3):
 PSYoungGen      total 9216K, used 192K [0x00000000d5580000, 0x00000000d6180000, 0x0000000100000000)
  eden space 8704K, 0% used [0x00000000d5580000,0x00000000d5580000,0x00000000d5e00000)
  from space 512K, 37% used [0x00000000d6100000,0x00000000d6130000,0x00000000d6180000)
  to   space 512K, 0% used [0x00000000d6080000,0x00000000d6080000,0x00000000d6100000)
 ParOldGen       total 80896K, used 80715K [0x0000000080000000, 0x0000000084f00000, 0x00000000d5580000)
  object space 80896K, 99% used [0x0000000080000000,0x0000000084ed2c90,0x0000000084f00000)
 Metaspace       used 63183K, committed 64640K, reserved 1114112K
  class space    used 6828K, committed 7424K, reserved 1048576K
}
Event: 134.973 GC heap before
{Heap before GC invocations=116 (full 3):
 PSYoungGen      total 9216K, used 8896K [0x00000000d5580000, 0x00000000d6180000, 0x0000000100000000)
  eden space 8704K, 100% used [0x00000000d5580000,0x00000000d5e00000,0x00000000d5e00000)
  from space 512K, 37% used [0x00000000d6100000,0x00000000d6130000,0x00000000d6180000)
  to   space 512K, 0% used [0x00000000d6080000,0x00000000d6080000,0x00000000d6100000)
 ParOldGen       total 80896K, used 80715K [0x0000000080000000, 0x0000000084f00000, 0x00000000d5580000)
  object space 80896K, 99% used [0x0000000080000000,0x0000000084ed2c90,0x0000000084f00000)
 Metaspace       used 63989K, committed 65344K, reserved 1114112K
  class space    used 6925K, committed 7488K, reserved 1048576K
}
Event: 134.976 GC heap after
{Heap after GC invocations=116 (full 3):
 PSYoungGen      total 9216K, used 480K [0x00000000d5580000, 0x00000000d6200000, 0x0000000100000000)
  eden space 8704K, 0% used [0x00000000d5580000,0x00000000d5580000,0x00000000d5e00000)
  from space 512K, 93% used [0x00000000d6080000,0x00000000d60f8010,0x00000000d6100000)
  to   space 1024K, 0% used [0x00000000d6100000,0x00000000d6100000,0x00000000d6200000)
 ParOldGen       total 81920K, used 81771K [0x0000000080000000, 0x0000000085000000, 0x00000000d5580000)
  object space 81920K, 99% used [0x0000000080000000,0x0000000084fdaca0,0x0000000085000000)
 Metaspace       used 63989K, committed 65344K, reserved 1114112K
  class space    used 6925K, committed 7488K, reserved 1048576K
}
Event: 135.128 GC heap before
{Heap before GC invocations=117 (full 3):
 PSYoungGen      total 9216K, used 9184K [0x00000000d5580000, 0x00000000d6200000, 0x0000000100000000)
  eden space 8704K, 100% used [0x00000000d5580000,0x00000000d5e00000,0x00000000d5e00000)
  from space 512K, 93% used [0x00000000d6080000,0x00000000d60f8010,0x00000000d6100000)
  to   space 1024K, 0% used [0x00000000d6100000,0x00000000d6100000,0x00000000d6200000)
 ParOldGen       total 81920K, used 81771K [0x0000000080000000, 0x0000000085000000, 0x00000000d5580000)
  object space 81920K, 99% used [0x0000000080000000,0x0000000084fdaca0,0x0000000085000000)
 Metaspace       used 64454K, committed 65920K, reserved 1114112K
  class space    used 6972K, committed 7616K, reserved 1048576K
}
Event: 135.132 GC heap after
{Heap after GC invocations=117 (full 3):
 PSYoungGen      total 9216K, used 1014K [0x00000000d5580000, 0x00000000d6500000, 0x0000000100000000)
  eden space 8192K, 0% used [0x00000000d5580000,0x00000000d5580000,0x00000000d5d80000)
  from space 1024K, 99% used [0x00000000d6100000,0x00000000d61fdbe0,0x00000000d6200000)
  to   space 3584K, 0% used [0x00000000d5d80000,0x00000000d5d80000,0x00000000d6100000)
 ParOldGen       total 83968K, used 83794K [0x0000000080000000, 0x0000000085200000, 0x00000000d5580000)
  object space 83968K, 99% used [0x0000000080000000,0x00000000851d48a0,0x0000000085200000)
 Metaspace       used 64454K, committed 65920K, reserved 1114112K
  class space    used 6972K, committed 7616K, reserved 1048576K
}
Event: 135.174 GC heap before
{Heap before GC invocations=118 (full 3):
 PSYoungGen      total 9216K, used 9083K [0x00000000d5580000, 0x00000000d6500000, 0x0000000100000000)
  eden space 8192K, 98% used [0x00000000d5580000,0x00000000d5d61330,0x00000000d5d80000)
  from space 1024K, 99% used [0x00000000d6100000,0x00000000d61fdbe0,0x00000000d6200000)
  to   space 3584K, 0% used [0x00000000d5d80000,0x00000000d5d80000,0x00000000d6100000)
 ParOldGen       total 83968K, used 83794K [0x0000000080000000, 0x0000000085200000, 0x00000000d5580000)
  object space 83968K, 99% used [0x0000000080000000,0x00000000851d48a0,0x0000000085200000)
 Metaspace       used 64469K, committed 65984K, reserved 1114112K
  class space    used 6972K, committed 7616K, reserved 1048576K
}
Event: 135.178 GC heap after
{Heap after GC invocations=118 (full 3):
 PSYoungGen      total 9216K, used 934K [0x00000000d5580000, 0x00000000d6180000, 0x0000000100000000)
  eden space 8192K, 0% used [0x00000000d5580000,0x00000000d5580000,0x00000000d5d80000)
  from space 1024K, 91% used [0x00000000d5d80000,0x00000000d5e69a70,0x00000000d5e80000)
  to   space 2048K, 0% used [0x00000000d5f80000,0x00000000d5f80000,0x00000000d6180000)
 ParOldGen       total 84992K, used 84825K [0x0000000080000000, 0x0000000085300000, 0x00000000d5580000)
  object space 84992K, 99% used [0x0000000080000000,0x00000000852d6480,0x0000000085300000)
 Metaspace       used 64469K, committed 65984K, reserved 1114112K
  class space    used 6972K, committed 7616K, reserved 1048576K
}
Event: 135.510 GC heap before
{Heap before GC invocations=119 (full 3):
 PSYoungGen      total 9216K, used 9003K [0x00000000d5580000, 0x00000000d6180000, 0x0000000100000000)
  eden space 8192K, 98% used [0x00000000d5580000,0x00000000d5d612f0,0x00000000d5d80000)
  from space 1024K, 91% used [0x00000000d5d80000,0x00000000d5e69a70,0x00000000d5e80000)
  to   space 2048K, 0% used [0x00000000d5f80000,0x00000000d5f80000,0x00000000d6180000)
 ParOldGen       total 84992K, used 84825K [0x0000000080000000, 0x0000000085300000, 0x00000000d5580000)
  object space 84992K, 99% used [0x0000000080000000,0x00000000852d6480,0x0000000085300000)
 Metaspace       used 64475K, committed 65984K, reserved 1114112K
  class space    used 6972K, committed 7616K, reserved 1048576K
}
Event: 135.512 GC heap after
{Heap after GC invocations=119 (full 3):
 PSYoungGen      total 9728K, used 1086K [0x00000000d5580000, 0x00000000d6100000, 0x0000000100000000)
  eden space 8192K, 0% used [0x00000000d5580000,0x00000000d5580000,0x00000000d5d80000)
  from space 1536K, 70% used [0x00000000d5f80000,0x00000000d608f9c8,0x00000000d6100000)
  to   space 1536K, 0% used [0x00000000d5e00000,0x00000000d5e00000,0x00000000d5f80000)
 ParOldGen       total 84992K, used 84905K [0x0000000080000000, 0x0000000085300000, 0x00000000d5580000)
  object space 84992K, 99% used [0x0000000080000000,0x00000000852ea480,0x0000000085300000)
 Metaspace       used 64475K, committed 65984K, reserved 1114112K
  class space    used 6972K, committed 7616K, reserved 1048576K
}
Event: 135.552 GC heap before
{Heap before GC invocations=120 (full 3):
 PSYoungGen      total 9728K, used 9278K [0x00000000d5580000, 0x00000000d6100000, 0x0000000100000000)
  eden space 8192K, 100% used [0x00000000d5580000,0x00000000d5d80000,0x00000000d5d80000)
  from space 1536K, 70% used [0x00000000d5f80000,0x00000000d608f9c8,0x00000000d6100000)
  to   space 1536K, 0% used [0x00000000d5e00000,0x00000000d5e00000,0x00000000d5f80000)
 ParOldGen       total 84992K, used 84905K [0x0000000080000000, 0x0000000085300000, 0x00000000d5580000)
  object space 84992K, 99% used [0x0000000080000000,0x00000000852ea480,0x0000000085300000)
 Metaspace       used 64477K, committed 65984K, reserved 1114112K
  class space    used 6972K, committed 7616K, reserved 1048576K
}
Event: 135.554 GC heap after
{Heap after GC invocations=120 (full 3):
 PSYoungGen      total 9216K, used 809K [0x00000000d5580000, 0x00000000d6000000, 0x0000000100000000)
  eden space 8192K, 0% used [0x00000000d5580000,0x00000000d5580000,0x00000000d5d80000)
  from space 1024K, 79% used [0x00000000d5e00000,0x00000000d5eca710,0x00000000d5f00000)
  to   space 1024K, 0% used [0x00000000d5f00000,0x00000000d5f00000,0x00000000d6000000)
 ParOldGen       total 84992K, used 84921K [0x0000000080000000, 0x0000000085300000, 0x00000000d5580000)
  object space 84992K, 99% used [0x0000000080000000,0x00000000852ee480,0x0000000085300000)
 Metaspace       used 64477K, committed 65984K, reserved 1114112K
  class space    used 6972K, committed 7616K, reserved 1048576K
}
Event: 135.577 GC heap before
{Heap before GC invocations=121 (full 3):
 PSYoungGen      total 9216K, used 9001K [0x00000000d5580000, 0x00000000d6000000, 0x0000000100000000)
  eden space 8192K, 100% used [0x00000000d5580000,0x00000000d5d80000,0x00000000d5d80000)
  from space 1024K, 79% used [0x00000000d5e00000,0x00000000d5eca710,0x00000000d5f00000)
  to   space 1024K, 0% used [0x00000000d5f00000,0x00000000d5f00000,0x00000000d6000000)
 ParOldGen       total 84992K, used 84921K [0x0000000080000000, 0x0000000085300000, 0x00000000d5580000)
  object space 84992K, 99% used [0x0000000080000000,0x00000000852ee480,0x0000000085300000)
 Metaspace       used 64479K, committed 65984K, reserved 1114112K
  class space    used 6972K, committed 7616K, reserved 1048576K
}
Event: 135.579 GC heap after
{Heap after GC invocations=121 (full 3):
 PSYoungGen      total 9216K, used 906K [0x00000000d5580000, 0x00000000d6000000, 0x0000000100000000)
  eden space 8192K, 0% used [0x00000000d5580000,0x00000000d5580000,0x00000000d5d80000)
  from space 1024K, 88% used [0x00000000d5f00000,0x00000000d5fe2b40,0x00000000d6000000)
  to   space 1024K, 0% used [0x00000000d5e00000,0x00000000d5e00000,0x00000000d5f00000)
 ParOldGen       total 84992K, used 84929K [0x0000000080000000, 0x0000000085300000, 0x00000000d5580000)
  object space 84992K, 99% used [0x0000000080000000,0x00000000852f0480,0x0000000085300000)
 Metaspace       used 64479K, committed 65984K, reserved 1114112K
  class space    used 6972K, committed 7616K, reserved 1048576K
}
Event: 135.829 GC heap before
{Heap before GC invocations=122 (full 3):
 PSYoungGen      total 9216K, used 9098K [0x00000000d5580000, 0x00000000d6000000, 0x0000000100000000)
  eden space 8192K, 100% used [0x00000000d5580000,0x00000000d5d80000,0x00000000d5d80000)
  from space 1024K, 88% used [0x00000000d5f00000,0x00000000d5fe2b40,0x00000000d6000000)
  to   space 1024K, 0% used [0x00000000d5e00000,0x00000000d5e00000,0x00000000d5f00000)
 ParOldGen       total 84992K, used 84929K [0x0000000080000000, 0x0000000085300000, 0x00000000d5580000)
  object space 84992K, 99% used [0x0000000080000000,0x00000000852f0480,0x0000000085300000)
 Metaspace       used 65618K, committed 67136K, reserved 1114112K
  class space    used 7074K, committed 7744K, reserved 1048576K
}
Event: 135.831 GC heap after
{Heap after GC invocations=122 (full 3):
 PSYoungGen      total 9216K, used 726K [0x00000000d5580000, 0x00000000d5f80000, 0x0000000100000000)
  eden space 8192K, 0% used [0x00000000d5580000,0x00000000d5580000,0x00000000d5d80000)
  from space 1024K, 70% used [0x00000000d5e00000,0x00000000d5eb5908,0x00000000d5f00000)
  to   space 512K, 0% used [0x00000000d5f00000,0x00000000d5f00000,0x00000000d5f80000)
 ParOldGen       total 84992K, used 84937K [0x0000000080000000, 0x0000000085300000, 0x00000000d5580000)
  object space 84992K, 99% used [0x0000000080000000,0x00000000852f2480,0x0000000085300000)
 Metaspace       used 65618K, committed 67136K, reserved 1114112K
  class space    used 7074K, committed 7744K, reserved 1048576K
}
Event: 3348.377 GC heap before
{Heap before GC invocations=123 (full 3):
 PSYoungGen      total 9216K, used 8918K [0x00000000d5580000, 0x00000000d5f80000, 0x0000000100000000)
  eden space 8192K, 100% used [0x00000000d5580000,0x00000000d5d80000,0x00000000d5d80000)
  from space 1024K, 70% used [0x00000000d5e00000,0x00000000d5eb5908,0x00000000d5f00000)
  to   space 512K, 0% used [0x00000000d5f00000,0x00000000d5f00000,0x00000000d5f80000)
 ParOldGen       total 84992K, used 84937K [0x0000000080000000, 0x0000000085300000, 0x00000000d5580000)
  object space 84992K, 99% used [0x0000000080000000,0x00000000852f2480,0x0000000085300000)
 Metaspace       used 66558K, committed 68096K, reserved 1114112K
  class space    used 7147K, committed 7808K, reserved 1048576K
}
Event: 3348.547 GC heap after
{Heap after GC invocations=123 (full 3):
 PSYoungGen      total 8704K, used 448K [0x00000000d5580000, 0x00000000d5f80000, 0x0000000100000000)
  eden space 8192K, 0% used [0x00000000d5580000,0x00000000d5580000,0x00000000d5d80000)
  from space 512K, 87% used [0x00000000d5f00000,0x00000000d5f70000,0x00000000d5f80000)
  to   space 1024K, 0% used [0x00000000d5d80000,0x00000000d5d80000,0x00000000d5e80000)
 ParOldGen       total 85504K, used 85497K [0x0000000080000000, 0x0000000085380000, 0x00000000d5580000)
  object space 85504K, 99% used [0x0000000080000000,0x000000008537e480,0x0000000085380000)
 Metaspace       used 66558K, committed 68096K, reserved 1114112K
  class space    used 7147K, committed 7808K, reserved 1048576K
}

