# JRE version: OpenJDK Runtime Environment Temurin-21.0.10+7 (21.0.10+7) (build 21.0.10+7-LTS)
# Java VM: OpenJDK 64-Bit Server VM Temurin-21.0.10+7 (21.0.10+7-LTS, mixed mode, sharing, tiered, compressed oops, compressed class ptrs, parallel gc, windows-amd64)
GC Precious Log:
 CardTable entry size: 512
 CPUs: 4 total, 4 available
 Memory: 7834M
 Large Page Support: Disabled
 NUMA Support: Disabled
 Compressed Oops: Enabled (32-bit)
 Alignments: Space 512K, Generation 512K, Heap 2M
 Heap Min Capacity: 100M
 Heap Initial Capacity: 100M
 Heap Max Capacity: 2G
 Pre-touch: Disabled
 Parallel Workers: 4
Heap:
 PSYoungGen      total 6144K, used 5023K [0x00000000d5580000, 0x00000000d5c80000, 0x0000000100000000)
  eden space 4608K, 98% used [0x00000000d5580000,0x00000000d59eff68,0x00000000d5a00000)
  from space 1536K, 31% used [0x00000000d5b00000,0x00000000d5b78000,0x00000000d5c80000)
  to   space 1024K, 0% used [0x00000000d5a00000,0x00000000d5a00000,0x00000000d5b00000)
 ParOldGen       total 791552K, used 791541K [0x0000000080000000, 0x00000000b0500000, 0x00000000d5580000)
  object space 791552K, 99% used [0x0000000080000000,0x00000000b04fd5e0,0x00000000b0500000)
 Metaspace       used 86949K, committed 88896K, reserved 1179648K
  class space    used 8871K, committed 9728K, reserved 1048576K
GC Heap History (20 events):
Event: 931.464 GC heap before
{Heap before GC invocations=1487 (full 5):
 PSYoungGen      total 5632K, used 5339K [0x00000000d5580000, 0x00000000d5c80000, 0x0000000100000000)
  eden space 4608K, 99% used [0x00000000d5580000,0x00000000d59fef10,0x00000000d5a00000)
  from space 1024K, 71% used [0x00000000d5b80000,0x00000000d5c38000,0x00000000d5c80000)
  to   space 1024K, 0% used [0x00000000d5a80000,0x00000000d5a80000,0x00000000d5b80000)
 ParOldGen       total 781824K, used 781383K [0x0000000080000000, 0x00000000afb80000, 0x00000000d5580000)
  object space 781824K, 99% used [0x0000000080000000,0x00000000afb11e68,0x00000000afb80000)
 Metaspace       used 86947K, committed 88896K, reserved 1179648K
  class space    used 8871K, committed 9728K, reserved 1048576K
}
Event: 931.467 GC heap after
{Heap after GC invocations=1487 (full 5):
 PSYoungGen      total 5120K, used 480K [0x00000000d5580000, 0x00000000d5c00000, 0x0000000100000000)
  eden space 4608K, 0% used [0x00000000d5580000,0x00000000d5580000,0x00000000d5a00000)
  from space 512K, 93% used [0x00000000d5a80000,0x00000000d5af8000,0x00000000d5b00000)
  to   space 1024K, 0% used [0x00000000d5b00000,0x00000000d5b00000,0x00000000d5c00000)
 ParOldGen       total 782336K, used 782054K [0x0000000080000000, 0x00000000afc00000, 0x00000000d5580000)
  object space 782336K, 99% used [0x0000000080000000,0x00000000afbb99a8,0x00000000afc00000)
 Metaspace       used 86947K, committed 88896K, reserved 1179648K
  class space    used 8871K, committed 9728K, reserved 1048576K
}
Event: 931.550 GC heap before
{Heap before GC invocations=1488 (full 5):
 PSYoungGen      total 5120K, used 5088K [0x00000000d5580000, 0x00000000d5c00000, 0x0000000100000000)
  eden space 4608K, 100% used [0x00000000d5580000,0x00000000d5a00000,0x00000000d5a00000)
  from space 512K, 93% used [0x00000000d5a80000,0x00000000d5af8000,0x00000000d5b00000)
  to   space 1024K, 0% used [0x00000000d5b00000,0x00000000d5b00000,0x00000000d5c00000)
 ParOldGen       total 782336K, used 782054K [0x0000000080000000, 0x00000000afc00000, 0x00000000d5580000)
  object space 782336K, 99% used [0x0000000080000000,0x00000000afbb99a8,0x00000000afc00000)
 Metaspace       used 86947K, committed 88896K, reserved 1179648K
  class space    used 8871K, committed 9728K, reserved 1048576K
}
Event: 931.552 GC heap after
{Heap after GC invocations=1488 (full 5):
 PSYoungGen      total 3584K, used 1017K [0x00000000d5580000, 0x00000000d6000000, 0x0000000100000000)
  eden space 2560K, 0% used [0x00000000d5580000,0x00000000d5580000,0x00000000d5800000)
  from space 1024K, 99% used [0x00000000d5b00000,0x00000000d5bfe5e8,0x00000000d5c00000)
  to   space 3072K, 0% used [0x00000000d5800000,0x00000000d5800000,0x00000000d5b00000)
 ParOldGen       total 783872K, used 783491K [0x0000000080000000, 0x00000000afd80000, 0x00000000d5580000)
  object space 783872K, 99% used [0x0000000080000000,0x00000000afd20fa8,0x00000000afd80000)
 Metaspace       used 86947K, committed 88896K, reserved 1179648K
  class space    used 8871K, committed 9728K, reserved 1048576K
}
Event: 931.564 GC heap before
{Heap before GC invocations=1489 (full 5):
 PSYoungGen      total 3584K, used 3533K [0x00000000d5580000, 0x00000000d6000000, 0x0000000100000000)
  eden space 2560K, 98% used [0x00000000d5580000,0x00000000d57f50b0,0x00000000d5800000)
  from space 1024K, 99% used [0x00000000d5b00000,0x00000000d5bfe5e8,0x00000000d5c00000)
  to   space 3072K, 0% used [0x00000000d5800000,0x00000000d5800000,0x00000000d5b00000)
 ParOldGen       total 783872K, used 783491K [0x0000000080000000, 0x00000000afd80000, 0x00000000d5580000)
  object space 783872K, 99% used [0x0000000080000000,0x00000000afd20fa8,0x00000000afd80000)
 Metaspace       used 86947K, committed 88896K, reserved 1179648K
  class space    used 8871K, committed 9728K, reserved 1048576K
}
Event: 931.567 GC heap after
{Heap after GC invocations=1489 (full 5):
 PSYoungGen      total 4608K, used 1964K [0x00000000d5580000, 0x00000000d5d00000, 0x0000000100000000)
  eden space 2560K, 0% used [0x00000000d5580000,0x00000000d5580000,0x00000000d5800000)
  from space 2048K, 95% used [0x00000000d5800000,0x00000000d59eb288,0x00000000d5a00000)
  to   space 2560K, 0% used [0x00000000d5a80000,0x00000000d5a80000,0x00000000d5d00000)
 ParOldGen       total 784896K, used 784523K [0x0000000080000000, 0x00000000afe80000, 0x00000000d5580000)
  object space 784896K, 99% used [0x0000000080000000,0x00000000afe22c48,0x00000000afe80000)
 Metaspace       used 86947K, committed 88896K, reserved 1179648K
  class space    used 8871K, committed 9728K, reserved 1048576K
}
Event: 931.575 GC heap before
{Heap before GC invocations=1490 (full 5):
 PSYoungGen      total 4608K, used 4524K [0x00000000d5580000, 0x00000000d5d00000, 0x0000000100000000)
  eden space 2560K, 100% used [0x00000000d5580000,0x00000000d5800000,0x00000000d5800000)
  from space 2048K, 95% used [0x00000000d5800000,0x00000000d59eb288,0x00000000d5a00000)
  to   space 2560K, 0% used [0x00000000d5a80000,0x00000000d5a80000,0x00000000d5d00000)
 ParOldGen       total 784896K, used 784523K [0x0000000080000000, 0x00000000afe80000, 0x00000000d5580000)
  object space 784896K, 99% used [0x0000000080000000,0x00000000afe22c48,0x00000000afe80000)
 Metaspace       used 86947K, committed 88896K, reserved 1179648K
  class space    used 8871K, committed 9728K, reserved 1048576K
}
Event: 931.577 GC heap after
{Heap after GC invocations=1490 (full 5):
 PSYoungGen      total 5120K, used 2227K [0x00000000d5580000, 0x00000000d5d00000, 0x0000000100000000)
  eden space 2560K, 0% used [0x00000000d5580000,0x00000000d5580000,0x00000000d5800000)
  from space 2560K, 86% used [0x00000000d5a80000,0x00000000d5cacc28,0x00000000d5d00000)
  to   space 2560K, 0% used [0x00000000d5800000,0x00000000d5800000,0x00000000d5a80000)
 ParOldGen       total 786432K, used 786391K [0x0000000080000000, 0x00000000b0000000, 0x00000000d5580000)
  object space 786432K, 99% used [0x0000000080000000,0x00000000afff5e78,0x00000000b0000000)
 Metaspace       used 86947K, committed 88896K, reserved 1179648K
  class space    used 8871K, committed 9728K, reserved 1048576K
}
Event: 931.586 GC heap before
{Heap before GC invocations=1491 (full 5):
 PSYoungGen      total 5120K, used 4780K [0x00000000d5580000, 0x00000000d5d00000, 0x0000000100000000)
  eden space 2560K, 99% used [0x00000000d5580000,0x00000000d57fe580,0x00000000d5800000)
  from space 2560K, 86% used [0x00000000d5a80000,0x00000000d5cacc28,0x00000000d5d00000)
  to   space 2560K, 0% used [0x00000000d5800000,0x00000000d5800000,0x00000000d5a80000)
 ParOldGen       total 786432K, used 786391K [0x0000000080000000, 0x00000000b0000000, 0x00000000d5580000)
  object space 786432K, 99% used [0x0000000080000000,0x00000000afff5e78,0x00000000b0000000)
 Metaspace       used 86948K, committed 88896K, reserved 1179648K
  class space    used 8871K, committed 9728K, reserved 1048576K
}
Event: 931.590 GC heap after
{Heap after GC invocations=1491 (full 5):
 PSYoungGen      total 4608K, used 1541K [0x00000000d5580000, 0x00000000d5c00000, 0x0000000100000000)
  eden space 2560K, 0% used [0x00000000d5580000,0x00000000d5580000,0x00000000d5800000)
  from space 2048K, 75% used [0x00000000d5800000,0x00000000d5981440,0x00000000d5a00000)
  to   space 2048K, 0% used [0x00000000d5a00000,0x00000000d5a00000,0x00000000d5c00000)
 ParOldGen       total 788992K, used 788537K [0x0000000080000000, 0x00000000b0280000, 0x00000000d5580000)
  object space 788992K, 99% used [0x0000000080000000,0x00000000b020e718,0x00000000b0280000)
 Metaspace       used 86948K, committed 88896K, reserved 1179648K
  class space    used 8871K, committed 9728K, reserved 1048576K
}
Event: 931.595 GC heap before
{Heap before GC invocations=1492 (full 5):
 PSYoungGen      total 4608K, used 4101K [0x00000000d5580000, 0x00000000d5c00000, 0x0000000100000000)
  eden space 2560K, 100% used [0x00000000d5580000,0x00000000d5800000,0x00000000d5800000)
  from space 2048K, 75% used [0x00000000d5800000,0x00000000d5981440,0x00000000d5a00000)
  to   space 2048K, 0% used [0x00000000d5a00000,0x00000000d5a00000,0x00000000d5c00000)
 ParOldGen       total 788992K, used 788537K [0x0000000080000000, 0x00000000b0280000, 0x00000000d5580000)
  object space 788992K, 99% used [0x0000000080000000,0x00000000b020e718,0x00000000b0280000)
 Metaspace       used 86949K, committed 88896K, reserved 1179648K
  class space    used 8871K, committed 9728K, reserved 1048576K
}
Event: 931.598 GC heap after
{Heap after GC invocations=1492 (full 5):
 PSYoungGen      total 3584K, used 384K [0x00000000d5580000, 0x00000000d5a80000, 0x0000000100000000)
  eden space 3072K, 0% used [0x00000000d5580000,0x00000000d5580000,0x00000000d5880000)
  from space 512K, 75% used [0x00000000d5a00000,0x00000000d5a60000,0x00000000d5a80000)
  to   space 1024K, 0% used [0x00000000d5880000,0x00000000d5880000,0x00000000d5980000)
 ParOldGen       total 790528K, used 790026K [0x0000000080000000, 0x00000000b0400000, 0x00000000d5580000)
  object space 790528K, 99% used [0x0000000080000000,0x00000000b0382af8,0x00000000b0400000)
 Metaspace       used 86949K, committed 88896K, reserved 1179648K
  class space    used 8871K, committed 9728K, reserved 1048576K
}
Event: 931.605 GC heap before
{Heap before GC invocations=1493 (full 5):
 PSYoungGen      total 3584K, used 3456K [0x00000000d5580000, 0x00000000d5a80000, 0x0000000100000000)
  eden space 3072K, 100% used [0x00000000d5580000,0x00000000d5880000,0x00000000d5880000)
  from space 512K, 75% used [0x00000000d5a00000,0x00000000d5a60000,0x00000000d5a80000)
  to   space 1024K, 0% used [0x00000000d5880000,0x00000000d5880000,0x00000000d5980000)
 ParOldGen       total 790528K, used 790026K [0x0000000080000000, 0x00000000b0400000, 0x00000000d5580000)
  object space 790528K, 99% used [0x0000000080000000,0x00000000b0382af8,0x00000000b0400000)
 Metaspace       used 86949K, committed 88896K, reserved 1179648K
  class space    used 8871K, committed 9728K, reserved 1048576K
}
Event: 931.607 GC heap after
{Heap after GC invocations=1493 (full 5):
 PSYoungGen      total 4096K, used 288K [0x00000000d5580000, 0x00000000d5a80000, 0x0000000100000000)
  eden space 3072K, 0% used [0x00000000d5580000,0x00000000d5580000,0x00000000d5880000)
  from space 1024K, 28% used [0x00000000d5880000,0x00000000d58c8000,0x00000000d5980000)
  to   space 512K, 0% used [0x00000000d5a00000,0x00000000d5a00000,0x00000000d5a80000)
 ParOldGen       total 790528K, used 790346K [0x0000000080000000, 0x00000000b0400000, 0x00000000d5580000)
  object space 790528K, 99% used [0x0000000080000000,0x00000000b03d2b18,0x00000000b0400000)
 Metaspace       used 86949K, committed 88896K, reserved 1179648K
  class space    used 8871K, committed 9728K, reserved 1048576K
}
Event: 931.616 GC heap before
{Heap before GC invocations=1494 (full 5):
 PSYoungGen      total 4096K, used 3360K [0x00000000d5580000, 0x00000000d5a80000, 0x0000000100000000)
  eden space 3072K, 100% used [0x00000000d5580000,0x00000000d5880000,0x00000000d5880000)
  from space 1024K, 28% used [0x00000000d5880000,0x00000000d58c8000,0x00000000d5980000)
  to   space 512K, 0% used [0x00000000d5a00000,0x00000000d5a00000,0x00000000d5a80000)
 ParOldGen       total 790528K, used 790346K [0x0000000080000000, 0x00000000b0400000, 0x00000000d5580000)
  object space 790528K, 99% used [0x0000000080000000,0x00000000b03d2b18,0x00000000b0400000)
 Metaspace       used 86949K, committed 88896K, reserved 1179648K
  class space    used 8871K, committed 9728K, reserved 1048576K
}
Event: 931.618 GC heap after
{Heap after GC invocations=1494 (full 5):
 PSYoungGen      total 4608K, used 416K [0x00000000d5580000, 0x00000000d5a80000, 0x0000000100000000)
  eden space 4096K, 0% used [0x00000000d5580000,0x00000000d5580000,0x00000000d5980000)
  from space 512K, 81% used [0x00000000d5a00000,0x00000000d5a68000,0x00000000d5a80000)
  to   space 512K, 0% used [0x00000000d5980000,0x00000000d5980000,0x00000000d5a00000)
 ParOldGen       total 791040K, used 790594K [0x0000000080000000, 0x00000000b0480000, 0x00000000d5580000)
  object space 791040K, 99% used [0x0000000080000000,0x00000000b0410b58,0x00000000b0480000)
 Metaspace       used 86949K, committed 88896K, reserved 1179648K
  class space    used 8871K, committed 9728K, reserved 1048576K
}
Event: 931.631 GC heap before
{Heap before GC invocations=1495 (full 5):
 PSYoungGen      total 4608K, used 4512K [0x00000000d5580000, 0x00000000d5a80000, 0x0000000100000000)
  eden space 4096K, 100% used [0x00000000d5580000,0x00000000d5980000,0x00000000d5980000)
  from space 512K, 81% used [0x00000000d5a00000,0x00000000d5a68000,0x00000000d5a80000)
  to   space 512K, 0% used [0x00000000d5980000,0x00000000d5980000,0x00000000d5a00000)
 ParOldGen       total 791040K, used 790594K [0x0000000080000000, 0x00000000b0480000, 0x00000000d5580000)
  object space 791040K, 99% used [0x0000000080000000,0x00000000b0410b58,0x00000000b0480000)
 Metaspace       used 86949K, committed 88896K, reserved 1179648K
  class space    used 8871K, committed 9728K, reserved 1048576K
}
Event: 931.633 GC heap after
{Heap after GC invocations=1495 (full 5):
 PSYoungGen      total 4608K, used 500K [0x00000000d5580000, 0x00000000d5c80000, 0x0000000100000000)
  eden space 4096K, 0% used [0x00000000d5580000,0x00000000d5580000,0x00000000d5980000)
  from space 512K, 97% used [0x00000000d5980000,0x00000000d59fd200,0x00000000d5a00000)
  to   space 1536K, 0% used [0x00000000d5b00000,0x00000000d5b00000,0x00000000d5c80000)
 ParOldGen       total 791040K, used 791026K [0x0000000080000000, 0x00000000b0480000, 0x00000000d5580000)
  object space 791040K, 99% used [0x0000000080000000,0x00000000b047c8a0,0x00000000b0480000)
 Metaspace       used 86949K, committed 88896K, reserved 1179648K
  class space    used 8871K, committed 9728K, reserved 1048576K
}
Event: 931.640 GC heap before
{Heap before GC invocations=1496 (full 5):
 PSYoungGen      total 4608K, used 4596K [0x00000000d5580000, 0x00000000d5c80000, 0x0000000100000000)
  eden space 4096K, 100% used [0x00000000d5580000,0x00000000d5980000,0x00000000d5980000)
  from space 512K, 97% used [0x00000000d5980000,0x00000000d59fd200,0x00000000d5a00000)
  to   space 1536K, 0% used [0x00000000d5b00000,0x00000000d5b00000,0x00000000d5c80000)
 ParOldGen       total 791040K, used 791026K [0x0000000080000000, 0x00000000b0480000, 0x00000000d5580000)
  object space 791040K, 99% used [0x0000000080000000,0x00000000b047c8a0,0x00000000b0480000)
 Metaspace       used 86949K, committed 88896K, reserved 1179648K
  class space    used 8871K, committed 9728K, reserved 1048576K
}
Event: 931.642 GC heap after
{Heap after GC invocations=1496 (full 5):
 PSYoungGen      total 6144K, used 480K [0x00000000d5580000, 0x00000000d5c80000, 0x0000000100000000)
  eden space 4608K, 0% used [0x00000000d5580000,0x00000000d5580000,0x00000000d5a00000)
  from space 1536K, 31% used [0x00000000d5b00000,0x00000000d5b78000,0x00000000d5c80000)
  to   space 1024K, 0% used [0x00000000d5a00000,0x00000000d5a00000,0x00000000d5b00000)
 ParOldGen       total 791552K, used 791541K [0x0000000080000000, 0x00000000b0500000, 0x00000000d5580000)
  object space 791552K, 99% used [0x0000000080000000,0x00000000b04fd5e0,0x00000000b0500000)
 Metaspace       used 86949K, committed 88896K, reserved 1179648K
  class space    used 8871K, committed 9728K, reserved 1048576K
}

